<?xml version="1.0" encoding="UTF-8"?>
<testng-results ignored="0" total="2" passed="2" failed="0" skipped="0">
  <reporter-output>
  </reporter-output>
  <suite started-at="2024-09-17T15:30:48 IST" name="Master Suite" finished-at="2024-09-17T15:31:02 IST" duration-ms="13919">
    <groups>
      <group name="Master">
        <method signature="TC001_AccountRegistrationTest.Verify_account_registration()[pri:0, instance:testCases.TC001_AccountRegistrationTest@fa4c865]" name="Verify_account_registration" class="testCases.TC001_AccountRegistrationTest"/>
        <method signature="TC002_LoginTest.verify_login()[pri:0, instance:testCases.TC002_LoginTest@77f1baf5]" name="verify_login" class="testCases.TC002_LoginTest"/>
      </group> <!-- Master -->
      <group name="Sanity">
        <method signature="TC002_LoginTest.verify_login()[pri:0, instance:testCases.TC002_LoginTest@77f1baf5]" name="verify_login" class="testCases.TC002_LoginTest"/>
      </group> <!-- Sanity -->
      <group name="Regression">
        <method signature="TC001_AccountRegistrationTest.Verify_account_registration()[pri:0, instance:testCases.TC001_AccountRegistrationTest@fa4c865]" name="Verify_account_registration" class="testCases.TC001_AccountRegistrationTest"/>
      </group> <!-- Regression -->
    </groups>
    <test started-at="2024-09-17T15:30:48 IST" name="Test" finished-at="2024-09-17T15:31:02 IST" duration-ms="13919">
      <class name="testCases.TC002_LoginTest">
        <test-method is-config="true" signature="setup(java.lang.String,java.lang.String)[pri:0, instance:testCases.TC002_LoginTest@77f1baf5]" started-at="2024-09-17T15:30:57 IST" name="setup" finished-at="2024-09-17T15:31:00 IST" duration-ms="3104" status="PASS">
          <params>
            <param index="0">
              <value>
                <![CDATA[windows]]>
              </value>
            </param>
            <param index="1">
              <value>
                <![CDATA[chrome]]>
              </value>
            </param>
          </params>
          <reporter-output>
          </reporter-output>
        </test-method> <!-- setup -->
        <test-method signature="verify_login()[pri:0, instance:testCases.TC002_LoginTest@77f1baf5]" started-at="2024-09-17T15:31:00 IST" name="verify_login" finished-at="2024-09-17T15:31:02 IST" duration-ms="1480" status="PASS">
          <reporter-output>
          </reporter-output>
        </test-method> <!-- verify_login -->
        <test-method is-config="true" signature="tearDown()[pri:0, instance:testCases.TC002_LoginTest@77f1baf5]" started-at="2024-09-17T15:31:02 IST" name="tearDown" finished-at="2024-09-17T15:31:02 IST" duration-ms="186" status="PASS">
          <reporter-output>
          </reporter-output>
        </test-method> <!-- tearDown -->
      </class> <!-- testCases.TC002_LoginTest -->
      <class name="testCases.TC001_AccountRegistrationTest">
        <test-method is-config="true" signature="setup(java.lang.String,java.lang.String)[pri:0, instance:testCases.TC001_AccountRegistrationTest@fa4c865]" started-at="2024-09-17T15:30:48 IST" name="setup" finished-at="2024-09-17T15:30:55 IST" duration-ms="6413" status="PASS">
          <params>
            <param index="0">
              <value>
                <![CDATA[windows]]>
              </value>
            </param>
            <param index="1">
              <value>
                <![CDATA[chrome]]>
              </value>
            </param>
          </params>
          <reporter-output>
          </reporter-output>
        </test-method> <!-- setup -->
        <test-method signature="Verify_account_registration()[pri:0, instance:testCases.TC001_AccountRegistrationTest@fa4c865]" started-at="2024-09-17T15:30:55 IST" name="Verify_account_registration" finished-at="2024-09-17T15:30:57 IST" duration-ms="2261" status="PASS">
          <reporter-output>
          </reporter-output>
        </test-method> <!-- Verify_account_registration -->
        <test-method is-config="true" signature="tearDown()[pri:0, instance:testCases.TC001_AccountRegistrationTest@fa4c865]" started-at="2024-09-17T15:30:57 IST" name="tearDown" finished-at="2024-09-17T15:30:57 IST" duration-ms="191" status="PASS">
          <reporter-output>
          </reporter-output>
        </test-method> <!-- tearDown -->
      </class> <!-- testCases.TC001_AccountRegistrationTest -->
    </test> <!-- Test -->
  </suite> <!-- Master Suite -->
</testng-results>
